<?xml version="1.0" encoding="UTF-8"?>
<testsuite name="com.example.cybersecurityauth.CybersecurityauthApplicationTests" tests="1" skipped="0" failures="0" errors="0" timestamp="2022-09-25T18:28:18" hostname="Lokeshs-Mac-Pro.local" time="0.37">
  <properties/>
  <testcase name="contextLoads()" classname="com.example.cybersecurityauth.CybersecurityauthApplicationTests" time="0.37"/>
  <system-out><![CDATA[13:28:15.933 [Test worker] DEBUG org.springframework.test.context.BootstrapUtils - Instantiating CacheAwareContextLoaderDelegate from class [org.springframework.test.context.cache.DefaultCacheAwareContextLoaderDelegate]
13:28:15.942 [Test worker] DEBUG org.springframework.test.context.BootstrapUtils - Instantiating BootstrapContext using constructor [public org.springframework.test.context.support.DefaultBootstrapContext(java.lang.Class,org.springframework.test.context.CacheAwareContextLoaderDelegate)]
13:28:15.974 [Test worker] DEBUG org.springframework.test.context.BootstrapUtils - Instantiating TestContextBootstrapper for test class [com.example.cybersecurityauth.CybersecurityauthApplicationTests] from class [org.springframework.boot.test.context.SpringBootTestContextBootstrapper]
13:28:15.987 [Test worker] INFO org.springframework.boot.test.context.SpringBootTestContextBootstrapper - Neither @ContextConfiguration nor @ContextHierarchy found for test class [com.example.cybersecurityauth.CybersecurityauthApplicationTests], using SpringBootContextLoader
13:28:15.990 [Test worker] DEBUG org.springframework.test.context.support.AbstractContextLoader - Did not detect default resource location for test class [com.example.cybersecurityauth.CybersecurityauthApplicationTests]: class path resource [com/example/cybersecurityauth/CybersecurityauthApplicationTests-context.xml] does not exist
13:28:15.991 [Test worker] DEBUG org.springframework.test.context.support.AbstractContextLoader - Did not detect default resource location for test class [com.example.cybersecurityauth.CybersecurityauthApplicationTests]: class path resource [com/example/cybersecurityauth/CybersecurityauthApplicationTestsContext.groovy] does not exist
13:28:15.991 [Test worker] INFO org.springframework.test.context.support.AbstractContextLoader - Could not detect default resource locations for test class [com.example.cybersecurityauth.CybersecurityauthApplicationTests]: no resource found for suffixes {-context.xml, Context.groovy}.
13:28:15.992 [Test worker] INFO org.springframework.test.context.support.AnnotationConfigContextLoaderUtils - Could not detect default configuration classes for test class [com.example.cybersecurityauth.CybersecurityauthApplicationTests]: CybersecurityauthApplicationTests does not declare any static, non-private, non-final, nested classes annotated with @Configuration.
13:28:16.030 [Test worker] DEBUG org.springframework.test.context.support.ActiveProfilesUtils - Could not find an 'annotation declaring class' for annotation type [org.springframework.test.context.ActiveProfiles] and class [com.example.cybersecurityauth.CybersecurityauthApplicationTests]
13:28:16.098 [Test worker] DEBUG org.springframework.context.annotation.ClassPathScanningCandidateComponentProvider - Identified candidate component class: file [/Users/lokeshbelwal/IdeaProjects/cybersecurityauth/build/classes/java/main/com/example/cybersecurityauth/CybersecurityauthApplication.class]
13:28:16.099 [Test worker] INFO org.springframework.boot.test.context.SpringBootTestContextBootstrapper - Found @SpringBootConfiguration com.example.cybersecurityauth.CybersecurityauthApplication for test class com.example.cybersecurityauth.CybersecurityauthApplicationTests
13:28:16.182 [Test worker] DEBUG org.springframework.boot.test.context.SpringBootTestContextBootstrapper - @TestExecutionListeners is not present for class [com.example.cybersecurityauth.CybersecurityauthApplicationTests]: using defaults.
13:28:16.182 [Test worker] INFO org.springframework.boot.test.context.SpringBootTestContextBootstrapper - Loaded default TestExecutionListener class names from location [META-INF/spring.factories]: [org.springframework.boot.test.autoconfigure.restdocs.RestDocsTestExecutionListener, org.springframework.boot.test.autoconfigure.web.client.MockRestServiceServerResetTestExecutionListener, org.springframework.boot.test.autoconfigure.web.servlet.MockMvcPrintOnlyOnFailureTestExecutionListener, org.springframework.boot.test.autoconfigure.web.servlet.WebDriverTestExecutionListener, org.springframework.boot.test.autoconfigure.webservices.client.MockWebServiceServerTestExecutionListener, org.springframework.boot.test.mock.mockito.MockitoTestExecutionListener, org.springframework.boot.test.mock.mockito.ResetMocksTestExecutionListener, org.springframework.test.context.web.ServletTestExecutionListener, org.springframework.test.context.support.DirtiesContextBeforeModesTestExecutionListener, org.springframework.test.context.event.ApplicationEventsTestExecutionListener, org.springframework.test.context.support.DependencyInjectionTestExecutionListener, org.springframework.test.context.support.DirtiesContextTestExecutionListener, org.springframework.test.context.transaction.TransactionalTestExecutionListener, org.springframework.test.context.jdbc.SqlScriptsTestExecutionListener, org.springframework.test.context.event.EventPublishingTestExecutionListener]
13:28:16.193 [Test worker] DEBUG org.springframework.boot.test.context.SpringBootTestContextBootstrapper - Skipping candidate TestExecutionListener [org.springframework.test.context.transaction.TransactionalTestExecutionListener] due to a missing dependency. Specify custom listener classes or make the default listener classes and their required dependencies available. Offending class: [org/springframework/transaction/interceptor/TransactionAttributeSource]
13:28:16.194 [Test worker] DEBUG org.springframework.boot.test.context.SpringBootTestContextBootstrapper - Skipping candidate TestExecutionListener [org.springframework.test.context.jdbc.SqlScriptsTestExecutionListener] due to a missing dependency. Specify custom listener classes or make the default listener classes and their required dependencies available. Offending class: [org/springframework/transaction/interceptor/TransactionAttribute]
13:28:16.195 [Test worker] INFO org.springframework.boot.test.context.SpringBootTestContextBootstrapper - Using TestExecutionListeners: [org.springframework.test.context.web.ServletTestExecutionListener@30bcf3c1, org.springframework.test.context.support.DirtiesContextBeforeModesTestExecutionListener@2a3c96e3, org.springframework.test.context.event.ApplicationEventsTestExecutionListener@15cafec7, org.springframework.boot.test.mock.mockito.MockitoTestExecutionListener@5b444398, org.springframework.boot.test.autoconfigure.SpringBootDependencyInjectionTestExecutionListener@cb191ca, org.springframework.test.context.support.DirtiesContextTestExecutionListener@42f48531, org.springframework.test.context.event.EventPublishingTestExecutionListener@a776e, org.springframework.boot.test.autoconfigure.restdocs.RestDocsTestExecutionListener@792bbc74, org.springframework.boot.test.autoconfigure.web.client.MockRestServiceServerResetTestExecutionListener@79145d5a, org.springframework.boot.test.autoconfigure.web.servlet.MockMvcPrintOnlyOnFailureTestExecutionListener@1f2f9244, org.springframework.boot.test.autoconfigure.web.servlet.WebDriverTestExecutionListener@4c4d27c8, org.springframework.boot.test.autoconfigure.webservices.client.MockWebServiceServerTestExecutionListener@6821ea29, org.springframework.boot.test.mock.mockito.ResetMocksTestExecutionListener@338494fa]
13:28:16.199 [Test worker] DEBUG org.springframework.test.context.support.AbstractDirtiesContextTestExecutionListener - Before test class: context [DefaultTestContext@1fcb4808 testClass = CybersecurityauthApplicationTests, testInstance = [null], testMethod = [null], testException = [null], mergedContextConfiguration = [WebMergedContextConfiguration@726e5805 testClass = CybersecurityauthApplicationTests, locations = '{}', classes = '{class com.example.cybersecurityauth.CybersecurityauthApplication}', contextInitializerClasses = '[]', activeProfiles = '{}', propertySourceLocations = '{}', propertySourceProperties = '{org.springframework.boot.test.context.SpringBootTestContextBootstrapper=true}', contextCustomizers = set[org.springframework.boot.test.autoconfigure.actuate.metrics.MetricsExportContextCustomizerFactory$DisableMetricExportContextCustomizer@41005828, org.springframework.boot.test.autoconfigure.properties.PropertyMappingContextCustomizer@0, org.springframework.boot.test.autoconfigure.web.servlet.WebDriverContextCustomizerFactory$Customizer@1bd39d3c, org.springframework.boot.test.context.filter.ExcludeFilterContextCustomizer@5454d35e, org.springframework.boot.test.json.DuplicateJsonObjectContextCustomizerFactory$DuplicateJsonObjectContextCustomizer@1ab06251, org.springframework.boot.test.mock.mockito.MockitoContextCustomizer@0, org.springframework.boot.test.web.client.TestRestTemplateContextCustomizer@95e33cc, org.springframework.boot.test.context.SpringBootTestArgs@1, org.springframework.boot.test.context.SpringBootTestWebEnvironment@2df3b89c], resourceBasePath = 'src/main/webapp', contextLoader = 'org.springframework.boot.test.context.SpringBootContextLoader', parent = [null]], attributes = map['org.springframework.test.context.web.ServletTestExecutionListener.activateListener' -> true]], class annotated with @DirtiesContext [false] with mode [null].

  .   ____          _            __ _ _
 /\\ / ___'_ __ _ _(_)_ __  __ _ \ \ \ \
( ( )\___ | '_ | '_| | '_ \/ _` | \ \ \ \
 \\/  ___)| |_)| | | | | || (_| |  ) ) ) )
  '  |____| .__|_| |_|_| |_\__, | / / / /
 =========|_|==============|___/=/_/_/_/
 :: Spring Boot ::                (v2.7.4)

2022-09-25 13:28:16.518  INFO 9492 --- [    Test worker] c.e.c.CybersecurityauthApplicationTests  : Starting CybersecurityauthApplicationTests using Java 18.0.2.1 on Lokeshs-Mac-Pro.local with PID 9492 (started by lokeshbelwal in /Users/lokeshbelwal/IdeaProjects/cybersecurityauth)
2022-09-25 13:28:16.519  INFO 9492 --- [    Test worker] c.e.c.CybersecurityauthApplicationTests  : No active profile set, falling back to 1 default profile: "default"
2022-09-25 13:28:18.275  INFO 9492 --- [    Test worker] o.s.s.web.DefaultSecurityFilterChain     : Will secure any request with [org.springframework.security.web.session.DisableEncodeUrlFilter@74960e9d, org.springframework.security.web.context.request.async.WebAsyncManagerIntegrationFilter@4001d8c1, org.springframework.security.web.context.SecurityContextPersistenceFilter@2f054f70, org.springframework.security.web.header.HeaderWriterFilter@553d2579, org.springframework.security.web.csrf.CsrfFilter@644d1b61, org.springframework.security.web.authentication.logout.LogoutFilter@7cff3f1d, org.springframework.security.oauth2.client.web.OAuth2AuthorizationRequestRedirectFilter@4844930a, org.springframework.security.oauth2.client.web.OAuth2AuthorizationRequestRedirectFilter@7d9c45ee, org.springframework.security.oauth2.client.web.OAuth2LoginAuthenticationFilter@e91af20, org.springframework.security.web.authentication.ui.DefaultLoginPageGeneratingFilter@62ade015, org.springframework.security.web.authentication.ui.DefaultLogoutPageGeneratingFilter@fb5aeed, org.springframework.security.web.savedrequest.RequestCacheAwareFilter@59636c47, org.springframework.security.web.servletapi.SecurityContextHolderAwareRequestFilter@5c18d6d4, org.springframework.security.web.authentication.AnonymousAuthenticationFilter@73893ec1, org.springframework.security.oauth2.client.web.OAuth2AuthorizationCodeGrantFilter@5d124d29, org.springframework.security.web.session.SessionManagementFilter@668cc9a2, org.springframework.security.web.access.ExceptionTranslationFilter@79627d27, org.springframework.security.web.access.intercept.FilterSecurityInterceptor@4fecf308]
2022-09-25 13:28:18.377  INFO 9492 --- [    Test worker] c.e.c.CybersecurityauthApplicationTests  : Started CybersecurityauthApplicationTests in 2.141 seconds (JVM running for 3.133)
]]></system-out>
  <system-err><![CDATA[]]></system-err>
</testsuite>
